0 info it worked if it ends with ok
1 verbose cli [ 'R:\\node\\node.exe',
1 verbose cli   'R:\\node\\node_modules\\npm\\bin\\npm-cli.js',
1 verbose cli   'start' ]
2 info using npm@3.9.5
3 info using node@v6.2.2
4 verbose run-script [ 'prestart', 'start', 'poststart' ]
5 info lifecycle todo_list@1.0.0~prestart: todo_list@1.0.0
6 silly lifecycle todo_list@1.0.0~prestart: no script for prestart, continuing
7 info lifecycle todo_list@1.0.0~start: todo_list@1.0.0
8 verbose lifecycle todo_list@1.0.0~start: unsafe-perm in lifecycle true
9 verbose lifecycle todo_list@1.0.0~start: PATH: R:\node\node_modules\npm\bin\node-gyp-bin;C:\Users\Crystal.tongjoy\Desktop\todo_list\node_modules\.bin;R:\node;C:\ProgramData\Oracle\Java\javapath;c:\Program Files (x86)\Intel\iCLS Client\;c:\Program Files\Intel\iCLS Client\;C:\Program Files (x86)\NVIDIA Corporation\PhysX\Common;C:\Windows\system32;C:\Windows;C:\Windows\System32\Wbem;C:\Windows\System32\WindowsPowerShell\v1.0\;C:\Program Files\Intel\Intel(R) Management Engine Components\DAL;C:\Program Files\Intel\Intel(R) Management Engine Components\IPT;C:\Program Files (x86)\Intel\Intel(R) Management Engine Components\DAL;C:\Program Files (x86)\Intel\Intel(R) Management Engine Components\IPT; C:\Program Files\Java\jdk1.8.0_65\bin;C:\Program Files\Java\jdk1.8.0_65\jre\bin;R:\soft\apache-maven-3.3.3\bin;R:\MySQL\bin;C:\Program Files\Git\cmd;R:\node\;C:\Users\Crystal.tongjoy\AppData\Roaming\npm
10 verbose lifecycle todo_list@1.0.0~start: CWD: C:\Users\Crystal.tongjoy\Desktop\todo_list
11 silly lifecycle todo_list@1.0.0~start: Args: [ '/d /s /c', 'node server.js' ]
12 silly lifecycle todo_list@1.0.0~start: Returned: code: 1  signal: null
13 info lifecycle todo_list@1.0.0~start: Failed to exec start script
14 verbose stack Error: todo_list@1.0.0 start: `node server.js`
14 verbose stack Exit status 1
14 verbose stack     at EventEmitter.<anonymous> (R:\node\node_modules\npm\lib\utils\lifecycle.js:245:16)
14 verbose stack     at emitTwo (events.js:106:13)
14 verbose stack     at EventEmitter.emit (events.js:191:7)
14 verbose stack     at ChildProcess.<anonymous> (R:\node\node_modules\npm\lib\utils\spawn.js:24:14)
14 verbose stack     at emitTwo (events.js:106:13)
14 verbose stack     at ChildProcess.emit (events.js:191:7)
14 verbose stack     at maybeClose (internal/child_process.js:852:16)
14 verbose stack     at Process.ChildProcess._handle.onexit (internal/child_process.js:215:5)
15 verbose pkgid todo_list@1.0.0
16 verbose cwd C:\Users\Crystal.tongjoy\Desktop\todo_list
17 error Windows_NT 6.1.7601
18 error argv "R:\\node\\node.exe" "R:\\node\\node_modules\\npm\\bin\\npm-cli.js" "start"
19 error node v6.2.2
20 error npm  v3.9.5
21 error code ELIFECYCLE
22 error todo_list@1.0.0 start: `node server.js`
22 error Exit status 1
23 error Failed at the todo_list@1.0.0 start script 'node server.js'.
23 error Make sure you have the latest version of node.js and npm installed.
23 error If you do, this is most likely a problem with the todo_list package,
23 error not with npm itself.
23 error Tell the author that this fails on your system:
23 error     node server.js
23 error You can get information on how to open an issue for this project with:
23 error     npm bugs todo_list
23 error Or if that isn't available, you can get their info via:
23 error     npm owner ls todo_list
23 error There is likely additional logging output above.
24 verbose exit [ 1, true ]
